<?xml version="1.0" encoding="UTF-8"?>
<testsuite xmlns:xsi="http://www.w3.org/2001/XMLSchema-instance" xsi:noNamespaceSchemaLocation="https://maven.apache.org/surefire/maven-surefire-plugin/xsd/surefire-test-report-3.0.xsd" version="3.0" name="hellocucumber.RunCucumberTest" time="0.364" tests="4" errors="3" skipped="0" failures="0">
  <properties>
[...]
</properties>
  <testcase name="The example" classname="An example" time="0.107">
    <system-out><![CDATA[
Scenario: The example                       &amp#27;[90m# hellocucumber/example.feature:3&amp#27;[0m
  &amp#27;[32mGiven &amp#27;[0m&amp#27;[32man example scenario&amp#27;[0m                 &amp#27;[90m# hellocucumber.StepDefinitions.anExampleScenario()&amp#27;[0m
  &amp#27;[32mWhen &amp#27;[0m&amp#27;[32mall step definitions are implemented&amp#27;[0m &amp#27;[90m# hellocucumber.StepDefinitions.allStepDefinitionsAreImplemented()&amp#27;[0m
  &amp#27;[32mThen &amp#27;[0m&amp#27;[32mthe scenario passes&amp#27;[0m                  &amp#27;[90m# hellocucumber.StepDefinitions.theScenarioPasses()&amp#27;[0m
]]></system-out>
  </testcase>
  <testcase name="Example #1.1" classname="Examples" time="0.085">
    <error message="The step &apos;Aujourd&apos;hui c&apos;est Vendredi&apos; is undefined.&#10;You can implement this step using the snippet(s) below:&#10;&#10;@Given(&quot;Aujourd&apos;hui c&apos;est Vendredi&quot;)&#10;public void aujourd_hui_c_est_vendredi() {&#10;    // Write code here that turns the phrase above into concrete actions&#10;    throw new io.cucumber.java.PendingException();&#10;}&#10;" type="io.cucumber.junit.platform.engine.UndefinedStepException"><![CDATA[io.cucumber.junit.platform.engine.UndefinedStepException: 
The step 'Aujourd'hui c'est Vendredi' is undefined.
You can implement this step using the snippet(s) below:

@Given("Aujourd'hui c'est Vendredi")
public void aujourd_hui_c_est_vendredi() {
    // Write code here that turns the phrase above into concrete actions
    throw new io.cucumber.java.PendingException();
}

	at io.cucumber.core.runtime.TestCaseResultObserver.assertTestCasePassed(TestCaseResultObserver.java:69)
	at io.cucumber.junit.platform.engine.TestCaseResultObserver.assertTestCasePassed(TestCaseResultObserver.java:22)
	at io.cucumber.junit.platform.engine.CucumberEngineExecutionContext.lambda$runTestCase$4(CucumberEngineExecutionContext.java:114)
	at io.cucumber.core.runtime.CucumberExecutionContext.lambda$runTestCase$5(CucumberExecutionContext.java:137)
	at io.cucumber.core.runtime.RethrowingThrowableCollector.executeAndThrow(RethrowingThrowableCollector.java:23)
	at io.cucumber.core.runtime.CucumberExecutionContext.runTestCase(CucumberExecutionContext.java:137)
	at io.cucumber.junit.platform.engine.CucumberEngineExecutionContext.runTestCase(CucumberEngineExecutionContext.java:109)
	at io.cucumber.junit.platform.engine.NodeDescriptor$PickleDescriptor.execute(NodeDescriptor.java:168)
	at io.cucumber.junit.platform.engine.NodeDescriptor$PickleDescriptor.execute(NodeDescriptor.java:90)
	at java.base/java.util.ArrayList.forEach(ArrayList.java:1596)
	at java.base/java.util.ArrayList.forEach(ArrayList.java:1596)
	at java.base/java.util.ArrayList.forEach(ArrayList.java:1596)
	at java.base/java.util.ArrayList.forEach(ArrayList.java:1596)
]]></error>
    <system-out><![CDATA[
Scenario Outline: Vérifier si c'est vendredi &amp#27;[90m# hellocucumber/it_it_friday_yet.feature:11&amp#27;[0m
  &amp#27;[33mGiven &amp#27;[0m&amp#27;[33mAujourd'hui c'est Vendredi&amp#27;[0m
  &amp#27;[36mWhen &amp#27;[0m&amp#27;[36mJe demande si nous sommes vendredi&amp#27;[0m    &amp#27;[90m# hellocucumber.StepDefinitions.i_ask_whether_it_s_friday_yet()&amp#27;[0m
  &amp#27;[36mThen &amp#27;[0m&amp#27;[36mOn devrait me répondre &amp#27;[0m&amp#27;[36m&amp#27;[1m"TGIF"&amp#27;[0m         &amp#27;[90m# hellocucumber.StepDefinitions.i_should_be_told(java.lang.String)&amp#27;[0m
]]></system-out>
  </testcase>
  <testcase name="Example #1.2" classname="Examples" time="0.008">
    <error message="The step &apos;Aujourd&apos;hui c&apos;est Dimanche&apos; is undefined.&#10;You can implement this step using the snippet(s) below:&#10;&#10;@Given(&quot;Aujourd&apos;hui c&apos;est Dimanche&quot;)&#10;public void aujourd_hui_c_est_dimanche() {&#10;    // Write code here that turns the phrase above into concrete actions&#10;    throw new io.cucumber.java.PendingException();&#10;}&#10;" type="io.cucumber.junit.platform.engine.UndefinedStepException"><![CDATA[io.cucumber.junit.platform.engine.UndefinedStepException: 
The step 'Aujourd'hui c'est Dimanche' is undefined.
You can implement this step using the snippet(s) below:

@Given("Aujourd'hui c'est Dimanche")
public void aujourd_hui_c_est_dimanche() {
    // Write code here that turns the phrase above into concrete actions
    throw new io.cucumber.java.PendingException();
}

	at io.cucumber.core.runtime.TestCaseResultObserver.assertTestCasePassed(TestCaseResultObserver.java:69)
	at io.cucumber.junit.platform.engine.TestCaseResultObserver.assertTestCasePassed(TestCaseResultObserver.java:22)
	at io.cucumber.junit.platform.engine.CucumberEngineExecutionContext.lambda$runTestCase$4(CucumberEngineExecutionContext.java:114)
	at io.cucumber.core.runtime.CucumberExecutionContext.lambda$runTestCase$5(CucumberExecutionContext.java:137)
	at io.cucumber.core.runtime.RethrowingThrowableCollector.executeAndThrow(RethrowingThrowableCollector.java:23)
	at io.cucumber.core.runtime.CucumberExecutionContext.runTestCase(CucumberExecutionContext.java:137)
	at io.cucumber.junit.platform.engine.CucumberEngineExecutionContext.runTestCase(CucumberEngineExecutionContext.java:109)
	at io.cucumber.junit.platform.engine.NodeDescriptor$PickleDescriptor.execute(NodeDescriptor.java:168)
	at io.cucumber.junit.platform.engine.NodeDescriptor$PickleDescriptor.execute(NodeDescriptor.java:90)
	at java.base/java.util.ArrayList.forEach(ArrayList.java:1596)
	at java.base/java.util.ArrayList.forEach(ArrayList.java:1596)
	at java.base/java.util.ArrayList.forEach(ArrayList.java:1596)
	at java.base/java.util.ArrayList.forEach(ArrayList.java:1596)
]]></error>
    <system-out><![CDATA[
Scenario Outline: Vérifier si c'est vendredi &amp#27;[90m# hellocucumber/it_it_friday_yet.feature:12&amp#27;[0m
  &amp#27;[33mGiven &amp#27;[0m&amp#27;[33mAujourd'hui c'est Dimanche&amp#27;[0m
  &amp#27;[36mWhen &amp#27;[0m&amp#27;[36mJe demande si nous sommes vendredi&amp#27;[0m    &amp#27;[90m# hellocucumber.StepDefinitions.i_ask_whether_it_s_friday_yet()&amp#27;[0m
  &amp#27;[36mThen &amp#27;[0m&amp#27;[36mOn devrait me répondre &amp#27;[0m&amp#27;[36m&amp#27;[1m"Nope"&amp#27;[0m         &amp#27;[90m# hellocucumber.StepDefinitions.i_should_be_told(java.lang.String)&amp#27;[0m
]]></system-out>
  </testcase>
  <testcase name="Example #1.3" classname="Examples" time="0.007">
    <error message="The step &apos;Aujourd&apos;hui c&apos;est tout le reste&apos; is undefined.&#10;You can implement this step using the snippet(s) below:&#10;&#10;@Given(&quot;Aujourd&apos;hui c&apos;est tout le reste&quot;)&#10;public void aujourd_hui_c_est_tout_le_reste() {&#10;    // Write code here that turns the phrase above into concrete actions&#10;    throw new io.cucumber.java.PendingException();&#10;}&#10;" type="io.cucumber.junit.platform.engine.UndefinedStepException"><![CDATA[io.cucumber.junit.platform.engine.UndefinedStepException: 
The step 'Aujourd'hui c'est tout le reste' is undefined.
You can implement this step using the snippet(s) below:

@Given("Aujourd'hui c'est tout le reste")
public void aujourd_hui_c_est_tout_le_reste() {
    // Write code here that turns the phrase above into concrete actions
    throw new io.cucumber.java.PendingException();
}

	at io.cucumber.core.runtime.TestCaseResultObserver.assertTestCasePassed(TestCaseResultObserver.java:69)
	at io.cucumber.junit.platform.engine.TestCaseResultObserver.assertTestCasePassed(TestCaseResultObserver.java:22)
	at io.cucumber.junit.platform.engine.CucumberEngineExecutionContext.lambda$runTestCase$4(CucumberEngineExecutionContext.java:114)
	at io.cucumber.core.runtime.CucumberExecutionContext.lambda$runTestCase$5(CucumberExecutionContext.java:137)
	at io.cucumber.core.runtime.RethrowingThrowableCollector.executeAndThrow(RethrowingThrowableCollector.java:23)
	at io.cucumber.core.runtime.CucumberExecutionContext.runTestCase(CucumberExecutionContext.java:137)
	at io.cucumber.junit.platform.engine.CucumberEngineExecutionContext.runTestCase(CucumberEngineExecutionContext.java:109)
	at io.cucumber.junit.platform.engine.NodeDescriptor$PickleDescriptor.execute(NodeDescriptor.java:168)
	at io.cucumber.junit.platform.engine.NodeDescriptor$PickleDescriptor.execute(NodeDescriptor.java:90)
	at java.base/java.util.ArrayList.forEach(ArrayList.java:1596)
	at java.base/java.util.ArrayList.forEach(ArrayList.java:1596)
	at java.base/java.util.ArrayList.forEach(ArrayList.java:1596)
	at java.base/java.util.ArrayList.forEach(ArrayList.java:1596)
]]></error>
    <system-out><![CDATA[
Scenario Outline: Vérifier si c'est vendredi &amp#27;[90m# hellocucumber/it_it_friday_yet.feature:13&amp#27;[0m
  &amp#27;[33mGiven &amp#27;[0m&amp#27;[33mAujourd'hui c'est tout le reste&amp#27;[0m
  &amp#27;[36mWhen &amp#27;[0m&amp#27;[36mJe demande si nous sommes vendredi&amp#27;[0m    &amp#27;[90m# hellocucumber.StepDefinitions.i_ask_whether_it_s_friday_yet()&amp#27;[0m
  &amp#27;[36mThen &amp#27;[0m&amp#27;[36mOn devrait me répondre &amp#27;[0m&amp#27;[36m&amp#27;[1m"Nope"&amp#27;[0m         &amp#27;[90m# hellocucumber.StepDefinitions.i_should_be_told(java.lang.String)&amp#27;[0m
]]></system-out>
  </testcase>
</testsuite>